INFO:sim:172 - Generating IP...
Customizing IP...
Release 14.7 - Xilinx CORE Generator IP GUI Launcher P.20131013 (nt)
Copyright (c) 1995-2013 Xilinx, Inc.  All rights reserved.
Finished Customizing.
Generating IP...
WARNING:sim:471 - The chosen IP does not support a VHDL behavioral model,
   generating a VHDL structural model instead.
XST: HDL Parsing
XST: HDL Elaboration
XST: HDL Synthesis
XST: Advanced HDL Synthesis
XST: Low Level Synthesis
XST: Partition Report
XST: Design Summary
Generating Implementation files.
Generating NGC file.
Generating VHDL structural model.
Finished Generation.
Generating IP instantiation template...
Generating ASY schematic symbol...
INFO:sim:949 - Finished generation of ASY schematic symbol.
Generating SYM schematic symbol for 'divisor'...
Generating metadata file...
Generating ISE project...
XCO file found: divisor.xco
XMDF file found: divisor_xmdf.tcl
Adding C:/Proyecto/src/tmp/_cg/divisor.asy -view all -origin_type imported
Adding C:/Proyecto/src/tmp/_cg/divisor.ngc -view all -origin_type created
Checking file "C:/Proyecto/src/tmp/_cg/divisor.ngc" for project device match ...
File "C:/Proyecto/src/tmp/_cg/divisor.ngc" device information matches project
device.
Adding C:/Proyecto/src/tmp/_cg/divisor.sym -view all -origin_type imported
Adding C:/Proyecto/src/tmp/_cg/divisor.vhd -view all -origin_type created
INFO:HDLCompiler:1061 - Parsing VHDL file "C:/Proyecto/src/tmp/_cg/divisor.vhd"
   into library work
INFO:ProjectMgmt - Parsing design hierarchy completed successfully.
Adding C:/Proyecto/src/tmp/_cg/divisor.vho -view all -origin_type imported
INFO:TclTasksC:2116 - The automatic calculation of top has been turned-off.
   Please set the new top explicitly by running the "project set top" command.
   To re-calculate the new top automatically, set the "Auto Implementation Top"
   property to true.
Top level has been set to "/divisor"
Generating README file...
Generating FLIST file...
INFO:sim:948 - Finished FLIST file generation.
Launching README viewer...
Moving files to output directory...
Finished moving files to output directory
Wrote CGP file for project 'divisor'.
