Release 14.7 - xst P.20131013 (nt)
Copyright (c) 1995-2013 Xilinx, Inc.  All rights reserved.
--> Parameter TMPDIR set to xst/projnav.tmp


Total REAL time to Xst completion: 0.00 secs
Total CPU time to Xst completion: 0.09 secs
 
--> Parameter xsthdpdir set to xst


Total REAL time to Xst completion: 0.00 secs
Total CPU time to Xst completion: 0.09 secs
 
--> Reading design: generaaddress.prj

TABLE OF CONTENTS
  1) Synthesis Options Summary
  2) HDL Parsing
  3) HDL Elaboration
  4) HDL Synthesis
       4.1) HDL Synthesis Report
  5) Advanced HDL Synthesis
       5.1) Advanced HDL Synthesis Report
  6) Low Level Synthesis
  7) Partition Report
  8) Design Summary
       8.1) Primitive and Black Box Usage
       8.2) Device utilization summary
       8.3) Partition Resource Summary
       8.4) Timing Report
            8.4.1) Clock Information
            8.4.2) Asynchronous Control Signals Information
            8.4.3) Timing Summary
            8.4.4) Timing Details
            8.4.5) Cross Clock Domains Report


=========================================================================
*                      Synthesis Options Summary                        *
=========================================================================
---- Source Parameters
Input File Name                    : "generaaddress.prj"
Ignore Synthesis Constraint File   : NO

---- Target Parameters
Output File Name                   : "generaaddress"
Output Format                      : NGC
Target Device                      : xc6slx9-2-csg324

---- Source Options
Top Module Name                    : generaaddress
Automatic FSM Extraction           : YES
FSM Encoding Algorithm             : Auto
Safe Implementation                : No
FSM Style                          : LUT
RAM Extraction                     : Yes
RAM Style                          : Auto
ROM Extraction                     : Yes
Shift Register Extraction          : YES
ROM Style                          : Auto
Resource Sharing                   : YES
Asynchronous To Synchronous        : NO
Shift Register Minimum Size        : 2
Use DSP Block                      : Auto
Automatic Register Balancing       : No

---- Target Options
LUT Combining                      : Auto
Reduce Control Sets                : Auto
Add IO Buffers                     : YES
Global Maximum Fanout              : 100000
Add Generic Clock Buffer(BUFG)     : 16
Register Duplication               : YES
Optimize Instantiated Primitives   : NO
Use Clock Enable                   : Auto
Use Synchronous Set                : Auto
Use Synchronous Reset              : Auto
Pack IO Registers into IOBs        : Auto
Equivalent register Removal        : YES

---- General Options
Optimization Goal                  : Speed
Optimization Effort                : 1
Power Reduction                    : NO
Keep Hierarchy                     : No
Netlist Hierarchy                  : As_Optimized
RTL Output                         : Yes
Global Optimization                : AllClockNets
Read Cores                         : YES
Write Timing Constraints           : NO
Cross Clock Analysis               : NO
Hierarchy Separator                : /
Bus Delimiter                      : <>
Case Specifier                     : Maintain
Slice Utilization Ratio            : 100
BRAM Utilization Ratio             : 100
DSP48 Utilization Ratio            : 100
Auto BRAM Packing                  : NO
Slice Utilization Ratio Delta      : 5

---- Other Options
Cores Search Directories           : {"../src"  }

=========================================================================


=========================================================================
*                          HDL Parsing                                  *
=========================================================================
Parsing VHDL file "C:\Proyecto\src\memoryhestwriter.vhd" into library work
Parsing entity <generaaddress>.
Parsing architecture <Behavioral> of entity <generaaddress>.

=========================================================================
*                            HDL Elaboration                            *
=========================================================================

Elaborating entity <generaaddress> (architecture <Behavioral>) from library <work>.
INFO:HDLCompiler:679 - "C:\Proyecto\src\memoryhestwriter.vhd" Line 111. Case statement is complete. others clause is never selected

=========================================================================
*                           HDL Synthesis                               *
=========================================================================

Synthesizing Unit <generaaddress>.
    Related source file is "C:\Proyecto\src\memoryhestwriter.vhd".
    Found 2-bit register for signal <estado_actual>.
    Found 12-bit register for signal <address>.
    Found 1-bit register for signal <finish>.
    Found 1-bit register for signal <valid>.
    Found 6-bit register for signal <contador>.
    Found finite state machine <FSM_0> for signal <estado_actual>.
    -----------------------------------------------------------------------
    | States             | 3                                              |
    | Transitions        | 6                                              |
    | Inputs             | 3                                              |
    | Outputs            | 2                                              |
    | Clock              | clk (rising_edge)                              |
    | Reset              | reset (positive)                               |
    | Reset type         | asynchronous                                   |
    | Reset State        | reposo                                         |
    | Power Up State     | reposo                                         |
    | Encoding           | auto                                           |
    | Implementation     | LUT                                            |
    -----------------------------------------------------------------------
    Found 6-bit adder for signal <contador[5]_GND_5_o_add_9_OUT> created at line 98.
    Found 12-bit adder for signal <address_aux[11]_GND_5_o_add_13_OUT> created at line 107.
    Found 12-bit comparator greater for signal <address_aux[11]_GND_5_o_LessThan_13_o> created at line 102
    Summary:
	inferred   2 Adder/Subtractor(s).
	inferred  20 D-type flip-flop(s).
	inferred   1 Comparator(s).
	inferred   3 Multiplexer(s).
	inferred   1 Finite State Machine(s).
Unit <generaaddress> synthesized.

=========================================================================
HDL Synthesis Report

Macro Statistics
# Adders/Subtractors                                   : 2
 12-bit adder                                          : 1
 6-bit adder                                           : 1
# Registers                                            : 4
 1-bit register                                        : 2
 12-bit register                                       : 1
 6-bit register                                        : 1
# Comparators                                          : 1
 12-bit comparator greater                             : 1
# Multiplexers                                         : 3
 12-bit 2-to-1 multiplexer                             : 1
 6-bit 2-to-1 multiplexer                              : 2
# FSMs                                                 : 1

=========================================================================

=========================================================================
*                       Advanced HDL Synthesis                          *
=========================================================================


Synthesizing (advanced) Unit <generaaddress>.
The following registers are absorbed into counter <address_aux>: 1 register on signal <address_aux>.
Unit <generaaddress> synthesized (advanced).

=========================================================================
Advanced HDL Synthesis Report

Macro Statistics
# Adders/Subtractors                                   : 1
 6-bit adder                                           : 1
# Counters                                             : 1
 12-bit up counter                                     : 1
# Registers                                            : 8
 Flip-Flops                                            : 8
# Comparators                                          : 1
 12-bit comparator greater                             : 1
# Multiplexers                                         : 2
 6-bit 2-to-1 multiplexer                              : 2
# FSMs                                                 : 1

=========================================================================

=========================================================================
*                         Low Level Synthesis                           *
=========================================================================
Analyzing FSM <MFsm> for best encoding.
Optimizing FSM <FSM_0> on signal <estado_actual[1:2]> with user encoding.
-----------------------
 State     | Encoding
-----------------------
 reposo    | 00
 escritura | 01
 espera    | 10
-----------------------

Optimizing unit <generaaddress> ...
WARNING:Xst:1710 - FF/Latch <address_aux_11> (without init value) has a constant value of 0 in block <generaaddress>. This FF/Latch will be trimmed during the optimization process.

Mapping all equations...
Building and optimizing final netlist ...
Found area constraint ratio of 100 (+ 5) on block generaaddress, actual ratio is 0.

Final Macro Processing ...

=========================================================================
Final Register Report

Macro Statistics
# Registers                                            : 21
 Flip-Flops                                            : 21

=========================================================================

=========================================================================
*                           Partition Report                            *
=========================================================================

Partition Implementation Status
-------------------------------

  No Partitions were found in this design.

-------------------------------

=========================================================================
*                            Design Summary                             *
=========================================================================

Top Level Output File Name         : generaaddress.ngc

Primitive and Black Box Usage:
------------------------------
# BELS                             : 69
#      GND                         : 1
#      INV                         : 1
#      LUT2                        : 12
#      LUT3                        : 13
#      LUT4                        : 3
#      LUT5                        : 8
#      LUT6                        : 9
#      MUXCY                       : 10
#      MUXF7                       : 1
#      XORCY                       : 11
# FlipFlops/Latches                : 21
#      FD                          : 3
#      FDC                         : 2
#      FDE                         : 16
# Clock Buffers                    : 1
#      BUFGP                       : 1
# IO Buffers                       : 28
#      IBUF                        : 2
#      OBUF                        : 26

Device utilization summary:
---------------------------

Selected Device : 6slx9csg324-2 


Slice Logic Utilization: 
 Number of Slice Registers:              21  out of  11440     0%  
 Number of Slice LUTs:                   46  out of   5720     0%  
    Number used as Logic:                46  out of   5720     0%  

Slice Logic Distribution: 
 Number of LUT Flip Flop pairs used:     46
   Number with an unused Flip Flop:      25  out of     46    54%  
   Number with an unused LUT:             0  out of     46     0%  
   Number of fully used LUT-FF pairs:    21  out of     46    45%  
   Number of unique control sets:         4

IO Utilization: 
 Number of IOs:                          29
 Number of bonded IOBs:                  29  out of    200    14%  

Specific Feature Utilization:
 Number of BUFG/BUFGCTRLs:                1  out of     16     6%  

---------------------------
Partition Resource Summary:
---------------------------

  No Partitions were found in this design.

---------------------------


=========================================================================
Timing Report

NOTE: THESE TIMING NUMBERS ARE ONLY A SYNTHESIS ESTIMATE.
      FOR ACCURATE TIMING INFORMATION PLEASE REFER TO THE TRACE REPORT
      GENERATED AFTER PLACE-and-ROUTE.

Clock Information:
------------------
-----------------------------------+------------------------+-------+
Clock Signal                       | Clock buffer(FF name)  | Load  |
-----------------------------------+------------------------+-------+
clk                                | BUFGP                  | 21    |
-----------------------------------+------------------------+-------+

Asynchronous Control Signals Information:
----------------------------------------
No asynchronous control signals found in this design

Timing Summary:
---------------
Speed Grade: -2

   Minimum period: 4.561ns (Maximum Frequency: 219.250MHz)
   Minimum input arrival time before clock: 4.356ns
   Maximum output required time after clock: 4.475ns
   Maximum combinational path delay: No path found

Timing Details:
---------------
All values displayed in nanoseconds (ns)

=========================================================================
Timing constraint: Default period analysis for Clock 'clk'
  Clock period: 4.561ns (frequency: 219.250MHz)
  Total number of paths / destination ports: 449 / 37
-------------------------------------------------------------------------
Delay:               4.561ns (Levels of Logic = 3)
  Source:            address_aux_6 (FF)
  Destination:       address_aux_1 (FF)
  Source Clock:      clk rising
  Destination Clock: clk rising

  Data Path: address_aux_6 to address_aux_1
                                Gate     Net
    Cell:in->out      fanout   Delay   Delay  Logical Name (Net Name)
    ----------------------------------------  ------------
     FDE:C->Q              9   0.525   1.406  address_aux_6 (address_aux_6)
     LUT5:I0->O            1   0.254   0.790  address_aux[11]_GND_5_o_LessThan_13_o12_SW0 (N01)
     LUT5:I3->O           10   0.250   1.008  _n0070_inv1_rstpot (_n0070_inv1_rstpot)
     LUT3:I2->O            1   0.254   0.000  address_aux_1_dpot (address_aux_1_dpot)
     FDE:D                     0.074          address_aux_1
    ----------------------------------------
    Total                      4.561ns (1.357ns logic, 3.204ns route)
                                       (29.8% logic, 70.2% route)

=========================================================================
Timing constraint: Default OFFSET IN BEFORE for Clock 'clk'
  Total number of paths / destination ports: 27 / 22
-------------------------------------------------------------------------
Offset:              4.356ns (Levels of Logic = 3)
  Source:            reset (PAD)
  Destination:       address_aux_1 (FF)
  Destination Clock: clk rising

  Data Path: reset to address_aux_1
                                Gate     Net
    Cell:in->out      fanout   Delay   Delay  Logical Name (Net Name)
    ----------------------------------------  ------------
     IBUF:I->O            10   1.328   1.438  reset_IBUF (reset_IBUF)
     LUT5:I0->O           10   0.254   1.008  _n0070_inv1_rstpot (_n0070_inv1_rstpot)
     LUT3:I2->O            1   0.254   0.000  address_aux_1_dpot (address_aux_1_dpot)
     FDE:D                     0.074          address_aux_1
    ----------------------------------------
    Total                      4.356ns (1.910ns logic, 2.446ns route)
                                       (43.8% logic, 56.2% route)

=========================================================================
Timing constraint: Default OFFSET OUT AFTER for Clock 'clk'
  Total number of paths / destination ports: 24 / 24
-------------------------------------------------------------------------
Offset:              4.475ns (Levels of Logic = 1)
  Source:            address_aux_10 (FF)
  Destination:       address<10> (PAD)
  Source Clock:      clk rising

  Data Path: address_aux_10 to address<10>
                                Gate     Net
    Cell:in->out      fanout   Delay   Delay  Logical Name (Net Name)
    ----------------------------------------  ------------
     FDE:C->Q             11   0.525   1.038  address_aux_10 (address_aux_10)
     OBUF:I->O                 2.912          address_10_OBUF (address<10>)
    ----------------------------------------
    Total                      4.475ns (3.437ns logic, 1.038ns route)
                                       (76.8% logic, 23.2% route)

=========================================================================

Cross Clock Domains Report:
--------------------------

Clock to Setup on destination clock clk
---------------+---------+---------+---------+---------+
               | Src:Rise| Src:Fall| Src:Rise| Src:Fall|
Source Clock   |Dest:Rise|Dest:Rise|Dest:Fall|Dest:Fall|
---------------+---------+---------+---------+---------+
clk            |    4.561|         |         |         |
---------------+---------+---------+---------+---------+

=========================================================================


Total REAL time to Xst completion: 5.00 secs
Total CPU time to Xst completion: 4.31 secs
 
--> 

Total memory usage is 183748 kilobytes

Number of errors   :    0 (   0 filtered)
Number of warnings :    1 (   0 filtered)
Number of infos    :    0 (   0 filtered)

